<?xml version="1.0" encoding="UTF-8"?>
<testng-results ignored="0" total="2" passed="2" failed="0" skipped="0">
  <reporter-output>
  </reporter-output>
  <suite started-at="2024-05-03T08:34:33 IST" name="Default suite" finished-at="2024-05-03T08:35:19 IST" duration-ms="46246">
    <groups>
      <group name="cucumber">
        <method signature="AbstractTestNGCucumberTests.runScenario(io.cucumber.testng.PickleWrapper,io.cucumber.testng.FeatureWrapper)[pri:0, instance:RunnerClass.RunnerTest@43dac38f]" name="runScenario" class="io.cucumber.testng.AbstractTestNGCucumberTests"/>
      </group> <!-- cucumber -->
    </groups>
    <test started-at="2024-05-03T08:34:33 IST" name="Default test" finished-at="2024-05-03T08:35:19 IST" duration-ms="46246">
      <class name="RunnerClass.RunnerTest">
        <test-method is-config="true" signature="setUpClass(org.testng.ITestContext)[pri:0, instance:RunnerClass.RunnerTest@43dac38f]" started-at="2024-05-03T08:34:33 IST" name="setUpClass" finished-at="2024-05-03T08:34:34 IST" duration-ms="629" status="PASS">
          <params>
            <param index="0">
              <value>
                <![CDATA[org.testng.TestRunner@aa4d8cc]]>
              </value>
            </param>
          </params>
          <reporter-output>
          </reporter-output>
        </test-method> <!-- setUpClass -->
        <test-method signature="runScenario(io.cucumber.testng.PickleWrapper,io.cucumber.testng.FeatureWrapper)[pri:0, instance:RunnerClass.RunnerTest@43dac38f]" started-at="2024-05-03T08:34:34 IST" name="runScenario" description="Runs Cucumber Scenarios" data-provider="scenarios" finished-at="2024-05-03T08:35:10 IST" duration-ms="35776" status="PASS">
          <params>
            <param index="0">
              <value>
                <![CDATA["Verify Google Home Page"]]>
              </value>
            </param>
            <param index="1">
              <value>
                <![CDATA["Launching Google Home Page"]]>
              </value>
            </param>
          </params>
          <reporter-output>
          </reporter-output>
        </test-method> <!-- runScenario -->
        <test-method signature="runScenario(io.cucumber.testng.PickleWrapper,io.cucumber.testng.FeatureWrapper)[pri:0, instance:RunnerClass.RunnerTest@43dac38f]" started-at="2024-05-03T08:35:10 IST" name="runScenario" description="Runs Cucumber Scenarios" data-provider="scenarios" finished-at="2024-05-03T08:35:19 IST" duration-ms="9664" status="PASS">
          <params>
            <param index="0">
              <value>
                <![CDATA["Verify Google search Feature"]]>
              </value>
            </param>
            <param index="1">
              <value>
                <![CDATA["Launching Google Home Page"]]>
              </value>
            </param>
          </params>
          <reporter-output>
          </reporter-output>
        </test-method> <!-- runScenario -->
        <test-method is-config="true" signature="tearDownClass()[pri:0, instance:RunnerClass.RunnerTest@43dac38f]" started-at="2024-05-03T08:35:19 IST" name="tearDownClass" finished-at="2024-05-03T08:35:19 IST" duration-ms="125" status="PASS">
          <reporter-output>
          </reporter-output>
        </test-method> <!-- tearDownClass -->
      </class> <!-- RunnerClass.RunnerTest -->
    </test> <!-- Default test -->
  </suite> <!-- Default suite -->
</testng-results>
